2020.09.25 18:41:09 INFO  started: Metals version 0.9.4 in workspace 'D:\Java\Projects\Scala\scala-ims-application' for client vscode.
2020.09.25 18:41:10 INFO  time: initialize in 1.64s
2020.09.25 19:41:38 INFO  no build target: using presentation compiler with only scala-library
2020.09.25 19:41:38 WARN  no build target for: D:\Java\Projects\Scala\scala-ims-application\app\configuration\MongoConfiguration.scala
Sep 25, 2020 7:41:38 PM org.eclipse.lsp4j.jsonrpc.RemoteEndpoint handleCancellation
WARNING: Unmatched cancel notification for request id 1
2020.09.25 19:41:38 WARN  no build target for: D:\Java\Projects\Scala\scala-ims-application\app\controllers\HomeController.scala
2020.09.25 19:42:12 WARN  code navigation does not work for the file 'D:\Java\Projects\Scala\scala-ims-application\app\controllers\HomeController.scala' because it doesn't belong to a build target.
2020.09.25 19:42:15 WARN  code navigation does not work for the file 'D:\Java\Projects\Scala\scala-ims-application\app\controllers\HomeController.scala' because it doesn't belong to a build target.
2020.09.25 19:42:15 WARN  code navigation does not work for the file 'D:\Java\Projects\Scala\scala-ims-application\app\controllers\HomeController.scala' because it doesn't belong to a build target.
2020.09.25 19:42:15 WARN  no build target for: D:\Java\Projects\Scala\scala-ims-application\app\controllers\HomeController.scala
2020.09.25 19:42:23 WARN  code navigation does not work for the file 'D:\Java\Projects\Scala\scala-ims-application\app\controllers\HomeController.scala' because it doesn't belong to a build target.
2020.09.25 19:42:23 WARN  no build target for: D:\Java\Projects\Scala\scala-ims-application\app\controllers\HomeController.scala
2020.09.25 19:55:06 INFO  shutting down Metals
2020.09.25 21:00:10 INFO  started: Metals version 0.9.4 in workspace 'D:\Java\Projects\Scala\scala-ims-application' for client vscode.
2020.09.25 21:00:12 INFO  time: initialize in 1.76s
2020.09.25 21:00:14 INFO  skipping build import with status 'Requested'
2020.09.25 21:00:17 INFO  no build target: using presentation compiler with only scala-library
2020.09.25 21:00:17 WARN  no build target for: D:\Java\Projects\Scala\scala-ims-application\app\controllers\HomeController.scala
2020.09.25 21:18:39 WARN  no build target for: D:\Java\Projects\Scala\scala-ims-application\app\controllers\CustomerController.scala
2020.09.25 21:19:01 WARN  no build target for: D:\Java\Projects\Scala\scala-ims-application\app\controllers\CustomerController.scala
2020.09.25 22:04:31 INFO  shutting down Metals
2020.09.26 17:44:01 INFO  started: Metals version 0.9.4 in workspace 'D:\Java\Projects\Scala\scala-ims-application' for client vscode.
2020.09.26 17:44:02 INFO  time: initialize in 1.51s
2020.09.26 17:44:03 INFO  skipping build import with status 'Requested'
2020.09.26 22:22:39 INFO  shutting down Metals
